0 info it worked if it ends with ok
1 verbose cli [ '/home/xinin/.nvm/v4.4.7/bin/node',
1 verbose cli   '/home/xinin/.nvm/v4.4.7/bin/npm',
1 verbose cli   'start' ]
2 info using npm@3.10.8
3 info using node@v4.4.7
4 verbose run-script [ 'prestart', 'start', 'poststart' ]
5 info lifecycle Angular2@1.0.0~prestart: Angular2@1.0.0
6 silly lifecycle Angular2@1.0.0~prestart: no script for prestart, continuing
7 info lifecycle Angular2@1.0.0~start: Angular2@1.0.0
8 verbose lifecycle Angular2@1.0.0~start: unsafe-perm in lifecycle true
9 verbose lifecycle Angular2@1.0.0~start: PATH: /home/xinin/.nvm/v4.4.7/lib/node_modules/npm/bin/node-gyp-bin:/home/xinin/workspace/Angular2/node_modules/.bin:/home/xinin/.nvm/v4.4.7/bin:/usr/local/sbin:/usr/local/bin:/usr/sbin:/usr/bin:/sbin:/bin:/usr/games:/usr/local/games:/usr/lib/jvm/java-8-oracle/bin:/usr/lib/jvm/java-8-oracle/db/bin:/usr/lib/jvm/java-8-oracle/jre/bin
10 verbose lifecycle Angular2@1.0.0~start: CWD: /home/xinin/workspace/Angular2
11 silly lifecycle Angular2@1.0.0~start: Args: [ '-c', 'tsc && concurrently "npm run tsc:w" "npm run lite" ' ]
12 silly lifecycle Angular2@1.0.0~start: Returned: code: 2  signal: null
13 info lifecycle Angular2@1.0.0~start: Failed to exec start script
14 verbose stack Error: Angular2@1.0.0 start: `tsc && concurrently "npm run tsc:w" "npm run lite" `
14 verbose stack Exit status 2
14 verbose stack     at EventEmitter.<anonymous> (/home/xinin/.nvm/v4.4.7/lib/node_modules/npm/lib/utils/lifecycle.js:255:16)
14 verbose stack     at emitTwo (events.js:87:13)
14 verbose stack     at EventEmitter.emit (events.js:172:7)
14 verbose stack     at ChildProcess.<anonymous> (/home/xinin/.nvm/v4.4.7/lib/node_modules/npm/lib/utils/spawn.js:40:14)
14 verbose stack     at emitTwo (events.js:87:13)
14 verbose stack     at ChildProcess.emit (events.js:172:7)
14 verbose stack     at maybeClose (internal/child_process.js:827:16)
14 verbose stack     at Process.ChildProcess._handle.onexit (internal/child_process.js:211:5)
15 verbose pkgid Angular2@1.0.0
16 verbose cwd /home/xinin/workspace/Angular2
17 error Linux 4.4.0-38-generic
18 error argv "/home/xinin/.nvm/v4.4.7/bin/node" "/home/xinin/.nvm/v4.4.7/bin/npm" "start"
19 error node v4.4.7
20 error npm  v3.10.8
21 error code ELIFECYCLE
22 error Angular2@1.0.0 start: `tsc && concurrently "npm run tsc:w" "npm run lite" `
22 error Exit status 2
23 error Failed at the Angular2@1.0.0 start script 'tsc && concurrently "npm run tsc:w" "npm run lite" '.
23 error Make sure you have the latest version of node.js and npm installed.
23 error If you do, this is most likely a problem with the Angular2 package,
23 error not with npm itself.
23 error Tell the author that this fails on your system:
23 error     tsc && concurrently "npm run tsc:w" "npm run lite"
23 error You can get information on how to open an issue for this project with:
23 error     npm bugs Angular2
23 error Or if that isn't available, you can get their info via:
23 error     npm owner ls Angular2
23 error There is likely additional logging output above.
24 verbose exit [ 1, true ]
